nginx Starting Chef Client, version 14.4.56[0m
nginx resolving cookbooks for run list: ["nginx"][0m
nginx Synchronizing Cookbooks:[0m
nginx   - nginx (0.1.0)[0m
nginx   - nginx-repo (0.1.2)[0m
nginx   - yum (5.1.0)[0m
nginx Installing Cookbook Gems:[0m
nginx Compiling Cookbooks...[0m
nginx Converging 5 resources[0m
nginx Recipe: nginx-repo::_yum[0m
nginx   * yum_repository[nginx-stable] action create
nginx     * template[/etc/yum.repos.d/nginx-stable.repo] action create
nginx       [32m- create new file /etc/yum.repos.d/nginx-stable.repo[0m
nginx       [32m- update content in file /etc/yum.repos.d/nginx-stable.repo from none to 7bc0bd[0m
nginx       [37m--- /etc/yum.repos.d/nginx-stable.repo	2018-09-10 21:36:38.140133096 +0100[0m
nginx       [37m+++ /etc/yum.repos.d/.chef-nginx-stable20180910-7678-anotm3.repo	2018-09-10 21:36:38.140133096 +0100[0m
nginx       [37m@@ -1 +1,11 @@[0m
nginx       [37m+# This file was generated by Chef[0m
nginx       [37m+# Do NOT modify this file by hand.[0m
nginx       [37m+[0m
nginx       [37m+[nginx-stable][0m
nginx       [37m+name=nginx stable repo[0m
nginx       [37m+baseurl=http://nginx.org/packages/centos/7/$basearch/[0m
nginx       [37m+enabled=1[0m
nginx       [37m+fastestmirror_enabled=0[0m
nginx       [37m+gpgcheck=0[0m
nginx       [37m+sslverify=false[0m
nginx       [32m- change mode from '' to '0644'[0m
nginx [0m    * execute[yum clean metadata nginx-stable] action run
nginx       [32m- execute yum clean metadata --disablerepo=* --enablerepo=nginx-stable[0m
nginx [0m    * execute[yum-makecache-nginx-stable] action run
nginx       [32m- execute yum -q -y makecache --disablerepo=* --enablerepo=nginx-stable[0m
nginx [0m    * ruby_block[package-cache-reload-nginx-stable] action create
nginx       [32m- execute the ruby block package-cache-reload-nginx-stable[0m
nginx [0m    * execute[yum clean metadata nginx-stable] action nothing (skipped due to action :nothing)
nginx     * execute[yum-makecache-nginx-stable] action nothing (skipped due to action :nothing)
nginx     * ruby_block[package-cache-reload-nginx-stable] action nothing (skipped due to action :nothing)
nginx   
nginx [0mRecipe: nginx::default[0m
nginx   * yum_package[nginx] action install
nginx     [32m- install version 1:1.14.0-1.el7_4.ngx.x86_64 of package nginx[0m
nginx [0m  * service[nginx] action enable
nginx     [32m- enable service service[nginx][0m
nginx [0m  * service[nginx] action start
nginx     [32m- start service service[nginx][0m
nginx [0m  * template[/etc/nginx/conf.d/jboss.conf] action create
nginx     [32m- create new file /etc/nginx/conf.d/jboss.conf[0m
nginx     [32m- update content in file /etc/nginx/conf.d/jboss.conf from none to 558078[0m
nginx     [37m--- /etc/nginx/conf.d/jboss.conf	2018-09-10 21:37:09.653001614 +0100[0m
nginx     [37m+++ /etc/nginx/conf.d/.chef-jboss20180910-7678-1snf0y5.conf	2018-09-10 21:37:09.653001614 +0100[0m
nginx     [37m@@ -1 +1,10 @@[0m
nginx     [37m+server {[0m
nginx     [37m+    listen 80;[0m
nginx     [37m+    server_name 192.168.2.2;[0m
nginx     [37m+    location /test/ {[0m
nginx     [37m+        proxy_set_header   X-Real-IP $remote_addr;[0m
nginx     [37m+        proxy_set_header   Host      $http_host;[0m
nginx     [37m+        proxy_pass         http://192.168.2.3:8080/test/;[0m
nginx     [37m+    }[0m
nginx     [37m+}[0m
nginx [0m  * template[/usr/share/nginx/html/info.html] action create
nginx     [32m- create new file /usr/share/nginx/html/info.html[0m
nginx     [32m- update content in file /usr/share/nginx/html/info.html from none to bcdcd0[0m
nginx     [37m--- /usr/share/nginx/html/info.html	2018-09-10 21:37:09.663001572 +0100[0m
nginx     [37m+++ /usr/share/nginx/html/.chef-info20180910-7678-1254lwu.html	2018-09-10 21:37:09.663001572 +0100[0m
nginx     [37m@@ -1 +1,2 @@[0m
nginx     [37m+<html> Hi! This is my Data Bag: MY_DATA </html>[0m
nginx [0m  * service[nginx] action restart
nginx     [32m- restart service service[nginx][0m
nginx [0m[0m
nginx Running handlers:[0m
nginx Running handlers complete
nginx [0mChef Client finished, 11/14 resources updated in 40 seconds[0m
